150203 14:19:00 [Note] Plugin 'FEDERATED' is disabled.
150203 14:19:00 InnoDB: The InnoDB memory heap is disabled
150203 14:19:00 InnoDB: Mutexes and rw_locks use Windows interlocked functions
150203 14:19:00 InnoDB: Compressed tables use zlib 1.2.3
150203 14:19:00 InnoDB: Initializing buffer pool, size = 128.0M
150203 14:19:00 InnoDB: Completed initialization of buffer pool
150203 14:19:00 InnoDB: highest supported file format is Barracuda.
InnoDB: The log sequence number in ibdata files does not match
InnoDB: the log sequence number in the ib_logfiles!
150203 14:19:00  InnoDB: Database was not shut down normally!
InnoDB: Starting crash recovery.
InnoDB: Reading tablespace information from the .ibd files...
InnoDB: Restoring possible half-written data pages from the doublewrite
InnoDB: buffer...
150203 14:19:01  InnoDB: Waiting for the background threads to start
150203 14:19:02 InnoDB: 1.1.8 started; log sequence number 1610368
150203 14:19:02 [Note] Server hostname (bind-address): '127.0.0.1'; port: 3306
150203 14:19:02 [Note]   - '127.0.0.1' resolves to '127.0.0.1';
150203 14:19:02 [Note] Server socket created on IP: '127.0.0.1'.
150203 14:19:03 [Note] Event Scheduler: Loaded 0 events
150203 14:19:03 [Note] \usr\local\mysql-5.5\bin\mysqld.exe: ready for connections.
Version: '5.5.25'  socket: ''  port: 3306  MySQL Community Server (GPL)
180130 12:32:17 [Note] Plugin 'FEDERATED' is disabled.
180130 12:32:17 InnoDB: The InnoDB memory heap is disabled
180130 12:32:17 InnoDB: Mutexes and rw_locks use Windows interlocked functions
180130 12:32:17 InnoDB: Compressed tables use zlib 1.2.3
180130 12:32:17 InnoDB: Initializing buffer pool, size = 128.0M
180130 12:32:17 InnoDB: Completed initialization of buffer pool
180130 12:32:17 InnoDB: highest supported file format is Barracuda.
InnoDB: The log sequence number in ibdata files does not match
InnoDB: the log sequence number in the ib_logfiles!
180130 12:32:17  InnoDB: Database was not shut down normally!
InnoDB: Starting crash recovery.
InnoDB: Reading tablespace information from the .ibd files...
InnoDB: Restoring possible half-written data pages from the doublewrite
InnoDB: buffer...
180130 12:32:19  InnoDB: Waiting for the background threads to start
180130 12:32:20 InnoDB: 1.1.8 started; log sequence number 1613233
180130 12:32:20 [Note] Server hostname (bind-address): '127.0.0.1'; port: 3306
180130 12:32:20 [Note]   - '127.0.0.1' resolves to '127.0.0.1';
180130 12:32:20 [Note] Server socket created on IP: '127.0.0.1'.
180130 12:32:22 [Note] Event Scheduler: Loaded 0 events
180130 12:32:22 [Note] \usr\local\mysql-5.5\bin\mysqld.exe: ready for connections.
Version: '5.5.25'  socket: ''  port: 3306  MySQL Community Server (GPL)
