141117 14:15:06 [Note] Plugin 'FEDERATED' is disabled.
141117 14:15:06 InnoDB: The InnoDB memory heap is disabled
141117 14:15:06 InnoDB: Mutexes and rw_locks use Windows interlocked functions
141117 14:15:06 InnoDB: Compressed tables use zlib 1.2.3
141117 14:15:06 InnoDB: Initializing buffer pool, size = 128.0M
141117 14:15:06 InnoDB: Completed initialization of buffer pool
InnoDB: The first specified data file .\ibdata1 did not exist:
InnoDB: a new database to be created!
141117 14:15:06  InnoDB: Setting file .\ibdata1 size to 10 MB
InnoDB: Database physically writes the file full: wait...
141117 14:15:07  InnoDB: Log file .\ib_logfile0 did not exist: new to be created
InnoDB: Setting log file .\ib_logfile0 size to 5 MB
InnoDB: Database physically writes the file full: wait...
141117 14:15:07  InnoDB: Log file .\ib_logfile1 did not exist: new to be created
InnoDB: Setting log file .\ib_logfile1 size to 5 MB
InnoDB: Database physically writes the file full: wait...
InnoDB: Doublewrite buffer not found: creating new
InnoDB: Doublewrite buffer created
InnoDB: 127 rollback segment(s) active.
InnoDB: Creating foreign key constraint system tables
InnoDB: Foreign key constraint system tables created
141117 14:15:08  InnoDB: Waiting for the background threads to start
141117 14:15:09 InnoDB: 1.1.8 started; log sequence number 0
141117 14:15:09 [Note] Server hostname (bind-address): '127.0.0.1'; port: 3306
141117 14:15:09 [Note]   - '127.0.0.1' resolves to '127.0.0.1';
141117 14:15:09 [Note] Server socket created on IP: '127.0.0.1'.
141117 14:15:09 [Note] Event Scheduler: Loaded 0 events
141117 14:15:09 [Note] \usr\local\mysql-5.5\bin\mysqld.exe: ready for connections.
Version: '5.5.25'  socket: ''  port: 3306  MySQL Community Server (GPL)
141117 14:16:39 [Note] Plugin 'FEDERATED' is disabled.
141117 14:16:39 InnoDB: The InnoDB memory heap is disabled
141117 14:16:39 InnoDB: Mutexes and rw_locks use Windows interlocked functions
141117 14:16:39 InnoDB: Compressed tables use zlib 1.2.3
141117 14:16:39 InnoDB: Initializing buffer pool, size = 128.0M
141117 14:16:39 InnoDB: Completed initialization of buffer pool
141117 14:16:39 InnoDB: highest supported file format is Barracuda.
InnoDB: The log sequence number in ibdata files does not match
InnoDB: the log sequence number in the ib_logfiles!
141117 14:16:39  InnoDB: Database was not shut down normally!
InnoDB: Starting crash recovery.
InnoDB: Reading tablespace information from the .ibd files...
InnoDB: Restoring possible half-written data pages from the doublewrite
InnoDB: buffer...
141117 14:16:39  InnoDB: Waiting for the background threads to start
141117 14:16:40 InnoDB: 1.1.8 started; log sequence number 1595675
141117 14:16:40 [Note] Server hostname (bind-address): '127.0.0.1'; port: 3306
141117 14:16:40 [Note]   - '127.0.0.1' resolves to '127.0.0.1';
141117 14:16:40 [Note] Server socket created on IP: '127.0.0.1'.
141117 14:16:40 [Note] Event Scheduler: Loaded 0 events
141117 14:16:40 [Note] \usr\local\mysql-5.5\bin\mysqld.exe: ready for connections.
Version: '5.5.25'  socket: ''  port: 3306  MySQL Community Server (GPL)
141117 14:18:01 [Note] Plugin 'FEDERATED' is disabled.
141117 14:18:01 InnoDB: The InnoDB memory heap is disabled
141117 14:18:01 InnoDB: Mutexes and rw_locks use Windows interlocked functions
141117 14:18:01 InnoDB: Compressed tables use zlib 1.2.3
141117 14:18:01 InnoDB: Initializing buffer pool, size = 128.0M
141117 14:18:01 InnoDB: Completed initialization of buffer pool
141117 14:18:01 InnoDB: highest supported file format is Barracuda.
InnoDB: The log sequence number in ibdata files does not match
InnoDB: the log sequence number in the ib_logfiles!
141117 14:18:01  InnoDB: Database was not shut down normally!
InnoDB: Starting crash recovery.
InnoDB: Reading tablespace information from the .ibd files...
InnoDB: Restoring possible half-written data pages from the doublewrite
InnoDB: buffer...
141117 14:18:01  InnoDB: Waiting for the background threads to start
141117 14:18:02 InnoDB: 1.1.8 started; log sequence number 1595675
141117 14:18:02 [Note] Server hostname (bind-address): '127.0.0.1'; port: 3306
141117 14:18:02 [Note]   - '127.0.0.1' resolves to '127.0.0.1';
141117 14:18:02 [Note] Server socket created on IP: '127.0.0.1'.
141117 14:18:02 [Note] Event Scheduler: Loaded 0 events
141117 14:18:02 [Note] \usr\local\mysql-5.5\bin\mysqld.exe: ready for connections.
Version: '5.5.25'  socket: ''  port: 3306  MySQL Community Server (GPL)
141117 14:18:45 [Note] Plugin 'FEDERATED' is disabled.
141117 14:18:45 InnoDB: The InnoDB memory heap is disabled
141117 14:18:45 InnoDB: Mutexes and rw_locks use Windows interlocked functions
141117 14:18:45 InnoDB: Compressed tables use zlib 1.2.3
141117 14:18:45 InnoDB: Initializing buffer pool, size = 128.0M
141117 14:18:45 InnoDB: Completed initialization of buffer pool
141117 14:18:45 InnoDB: highest supported file format is Barracuda.
InnoDB: The log sequence number in ibdata files does not match
InnoDB: the log sequence number in the ib_logfiles!
141117 14:18:45  InnoDB: Database was not shut down normally!
InnoDB: Starting crash recovery.
InnoDB: Reading tablespace information from the .ibd files...
InnoDB: Restoring possible half-written data pages from the doublewrite
InnoDB: buffer...
141117 14:18:46  InnoDB: Waiting for the background threads to start
141117 14:18:47 InnoDB: 1.1.8 started; log sequence number 1595675
141117 14:18:47 [Note] Server hostname (bind-address): '127.0.0.1'; port: 3306
141117 14:18:47 [Note]   - '127.0.0.1' resolves to '127.0.0.1';
141117 14:18:47 [Note] Server socket created on IP: '127.0.0.1'.
141117 14:18:47 [Note] Event Scheduler: Loaded 0 events
141117 14:18:47 [Note] \usr\local\mysql-5.5\bin\mysqld.exe: ready for connections.
Version: '5.5.25'  socket: ''  port: 3306  MySQL Community Server (GPL)
141126 13:41:10 [Note] Plugin 'FEDERATED' is disabled.
141126 13:41:10 InnoDB: The InnoDB memory heap is disabled
141126 13:41:10 InnoDB: Mutexes and rw_locks use Windows interlocked functions
141126 13:41:10 InnoDB: Compressed tables use zlib 1.2.3
141126 13:41:10 InnoDB: Initializing buffer pool, size = 128.0M
141126 13:41:10 InnoDB: Completed initialization of buffer pool
141126 13:41:10 InnoDB: highest supported file format is Barracuda.
InnoDB: The log sequence number in ibdata files does not match
InnoDB: the log sequence number in the ib_logfiles!
141126 13:41:10  InnoDB: Database was not shut down normally!
InnoDB: Starting crash recovery.
InnoDB: Reading tablespace information from the .ibd files...
InnoDB: Restoring possible half-written data pages from the doublewrite
InnoDB: buffer...
141126 13:41:10  InnoDB: Waiting for the background threads to start
141126 13:41:11 InnoDB: 1.1.8 started; log sequence number 1595675
141126 13:41:11 [Note] Server hostname (bind-address): '127.0.0.1'; port: 3306
141126 13:41:11 [Note]   - '127.0.0.1' resolves to '127.0.0.1';
141126 13:41:11 [Note] Server socket created on IP: '127.0.0.1'.
141126 13:41:12 [Note] Event Scheduler: Loaded 0 events
141126 13:41:12 [Note] \usr\local\mysql-5.5\bin\mysqld.exe: ready for connections.
Version: '5.5.25'  socket: ''  port: 3306  MySQL Community Server (GPL)
141126 14:04:03 [Note] Plugin 'FEDERATED' is disabled.
141126 14:04:03 InnoDB: The InnoDB memory heap is disabled
141126 14:04:03 InnoDB: Mutexes and rw_locks use Windows interlocked functions
141126 14:04:03 InnoDB: Compressed tables use zlib 1.2.3
141126 14:04:03 InnoDB: Initializing buffer pool, size = 128.0M
141126 14:04:03 InnoDB: Completed initialization of buffer pool
141126 14:04:03 InnoDB: highest supported file format is Barracuda.
InnoDB: The log sequence number in ibdata files does not match
InnoDB: the log sequence number in the ib_logfiles!
141126 14:04:03  InnoDB: Database was not shut down normally!
InnoDB: Starting crash recovery.
InnoDB: Reading tablespace information from the .ibd files...
InnoDB: Restoring possible half-written data pages from the doublewrite
InnoDB: buffer...
141126 14:04:03  InnoDB: Waiting for the background threads to start
141126 14:04:04 InnoDB: 1.1.8 started; log sequence number 1595675
141126 14:04:04 [Note] Server hostname (bind-address): '127.0.0.1'; port: 3306
141126 14:04:04 [Note]   - '127.0.0.1' resolves to '127.0.0.1';
141126 14:04:04 [Note] Server socket created on IP: '127.0.0.1'.
141126 14:04:04 [Note] Event Scheduler: Loaded 0 events
141126 14:04:04 [Note] \usr\local\mysql-5.5\bin\mysqld.exe: ready for connections.
Version: '5.5.25'  socket: ''  port: 3306  MySQL Community Server (GPL)
141210 12:45:31 [Note] Plugin 'FEDERATED' is disabled.
141210 12:45:31 InnoDB: The InnoDB memory heap is disabled
141210 12:45:31 InnoDB: Mutexes and rw_locks use Windows interlocked functions
141210 12:45:31 InnoDB: Compressed tables use zlib 1.2.3
141210 12:45:31 InnoDB: Initializing buffer pool, size = 128.0M
141210 12:45:31 InnoDB: Completed initialization of buffer pool
141210 12:45:31 InnoDB: highest supported file format is Barracuda.
InnoDB: The log sequence number in ibdata files does not match
InnoDB: the log sequence number in the ib_logfiles!
141210 12:45:31  InnoDB: Database was not shut down normally!
InnoDB: Starting crash recovery.
InnoDB: Reading tablespace information from the .ibd files...
InnoDB: Restoring possible half-written data pages from the doublewrite
InnoDB: buffer...
141210 12:45:32  InnoDB: Waiting for the background threads to start
141210 12:45:33 InnoDB: 1.1.8 started; log sequence number 1595675
141210 12:45:34 [Note] Server hostname (bind-address): '127.0.0.1'; port: 3306
141210 12:45:34 [Note]   - '127.0.0.1' resolves to '127.0.0.1';
141210 12:45:34 [Note] Server socket created on IP: '127.0.0.1'.
141210 12:45:34 [Note] Event Scheduler: Loaded 0 events
141210 12:45:34 [Note] \usr\local\mysql-5.5\bin\mysqld.exe: ready for connections.
Version: '5.5.25'  socket: ''  port: 3306  MySQL Community Server (GPL)
141215  9:41:28 [Note] Plugin 'FEDERATED' is disabled.
141215  9:41:29 InnoDB: The InnoDB memory heap is disabled
141215  9:41:29 InnoDB: Mutexes and rw_locks use Windows interlocked functions
141215  9:41:29 InnoDB: Compressed tables use zlib 1.2.3
141215  9:41:29 InnoDB: Initializing buffer pool, size = 128.0M
141215  9:41:29 InnoDB: Completed initialization of buffer pool
141215  9:41:29 InnoDB: highest supported file format is Barracuda.
InnoDB: The log sequence number in ibdata files does not match
InnoDB: the log sequence number in the ib_logfiles!
141215  9:41:29  InnoDB: Database was not shut down normally!
InnoDB: Starting crash recovery.
InnoDB: Reading tablespace information from the .ibd files...
InnoDB: Restoring possible half-written data pages from the doublewrite
InnoDB: buffer...
141215  9:41:31  InnoDB: Waiting for the background threads to start
141215  9:41:32 InnoDB: 1.1.8 started; log sequence number 1595675
141215  9:41:32 [Note] Server hostname (bind-address): '127.0.0.1'; port: 3306
141215  9:41:32 [Note]   - '127.0.0.1' resolves to '127.0.0.1';
141215  9:41:32 [Note] Server socket created on IP: '127.0.0.1'.
141215  9:41:32 [Note] Event Scheduler: Loaded 0 events
141215  9:41:32 [Note] \usr\local\mysql-5.5\bin\mysqld.exe: ready for connections.
Version: '5.5.25'  socket: ''  port: 3306  MySQL Community Server (GPL)
